2022-05-24 23:36:12 [main] INFO  o.s.b.t.c.SpringBootTestContextBootstrapper - Neither @ContextConfiguration nor @ContextHierarchy found for test class [com.talesb.microservices.twittertokafka.TwitterToKafkaServiceApplicationTests], using SpringBootContextLoader
2022-05-24 23:36:12 [main] INFO  o.s.t.c.s.AbstractContextLoader - Could not detect default resource locations for test class [com.talesb.microservices.twittertokafka.TwitterToKafkaServiceApplicationTests]: no resource found for suffixes {-context.xml, Context.groovy}.
2022-05-24 23:36:12 [main] INFO  o.s.t.c.s.AnnotationConfigContextLoaderUtils - Could not detect default configuration classes for test class [com.talesb.microservices.twittertokafka.TwitterToKafkaServiceApplicationTests]: TwitterToKafkaServiceApplicationTests does not declare any static, non-private, non-final, nested classes annotated with @Configuration.
2022-05-24 23:36:12 [main] INFO  o.s.b.t.c.SpringBootTestContextBootstrapper - Found @SpringBootConfiguration com.talesb.microservices.twittertokafka.TwitterToKafkaServiceApplication for test class com.talesb.microservices.twittertokafka.TwitterToKafkaServiceApplicationTests
2022-05-24 23:36:12 [main] INFO  o.s.b.t.c.SpringBootTestContextBootstrapper - Loaded default TestExecutionListener class names from location [META-INF/spring.factories]: [org.springframework.boot.test.mock.mockito.MockitoTestExecutionListener, org.springframework.boot.test.mock.mockito.ResetMocksTestExecutionListener, org.springframework.boot.test.autoconfigure.restdocs.RestDocsTestExecutionListener, org.springframework.boot.test.autoconfigure.web.client.MockRestServiceServerResetTestExecutionListener, org.springframework.boot.test.autoconfigure.web.servlet.MockMvcPrintOnlyOnFailureTestExecutionListener, org.springframework.boot.test.autoconfigure.web.servlet.WebDriverTestExecutionListener, org.springframework.boot.test.autoconfigure.webservices.client.MockWebServiceServerTestExecutionListener, org.springframework.test.context.web.ServletTestExecutionListener, org.springframework.test.context.support.DirtiesContextBeforeModesTestExecutionListener, org.springframework.test.context.event.ApplicationEventsTestExecutionListener, org.springframework.test.context.support.DependencyInjectionTestExecutionListener, org.springframework.test.context.support.DirtiesContextTestExecutionListener, org.springframework.test.context.transaction.TransactionalTestExecutionListener, org.springframework.test.context.jdbc.SqlScriptsTestExecutionListener, org.springframework.test.context.event.EventPublishingTestExecutionListener]
2022-05-24 23:36:12 [main] INFO  o.s.b.t.c.SpringBootTestContextBootstrapper - Using TestExecutionListeners: [org.springframework.test.context.support.DirtiesContextBeforeModesTestExecutionListener@55787112, org.springframework.test.context.event.ApplicationEventsTestExecutionListener@1cd201a8, org.springframework.boot.test.mock.mockito.MockitoTestExecutionListener@7db82169, org.springframework.boot.test.autoconfigure.SpringBootDependencyInjectionTestExecutionListener@1992eaf4, org.springframework.test.context.support.DirtiesContextTestExecutionListener@f74e835, org.springframework.test.context.event.EventPublishingTestExecutionListener@3276732, org.springframework.boot.test.mock.mockito.ResetMocksTestExecutionListener@3f28bd56, org.springframework.boot.test.autoconfigure.restdocs.RestDocsTestExecutionListener@31e3250d, org.springframework.boot.test.autoconfigure.web.client.MockRestServiceServerResetTestExecutionListener@19fe4644, org.springframework.boot.test.autoconfigure.web.servlet.MockMvcPrintOnlyOnFailureTestExecutionListener@21d8bcbe, org.springframework.boot.test.autoconfigure.web.servlet.WebDriverTestExecutionListener@5be067de, org.springframework.boot.test.autoconfigure.webservices.client.MockWebServiceServerTestExecutionListener@7383eae2]
2022-05-24 23:36:12 [main] INFO  c.t.m.t.TwitterToKafkaServiceApplicationTests - Starting TwitterToKafkaServiceApplicationTests using Java 11.0.11 on tales-PC with PID 29638 (started by tales in /home/tales/workspaces/backend/microservices/baseproject/baseproject/twitter-to-kafka-service)
2022-05-24 23:36:12 [main] INFO  c.t.m.t.TwitterToKafkaServiceApplicationTests - No active profile set, falling back to 1 default profile: "default"
2022-05-24 23:36:13 [main] INFO  c.t.m.t.TwitterToKafkaServiceApplicationTests - Started TwitterToKafkaServiceApplicationTests in 1.227 seconds (JVM running for 2.411)
2022-05-24 23:36:13 [main] INFO  c.t.m.t.TwitterToKafkaServiceApplication - App is starting..
2022-05-24 23:36:13 [main] INFO  c.t.m.t.TwitterToKafkaServiceApplication - [Java, Microservices, Spring, ElasticSearch]
2022-05-24 23:36:59 [main] INFO  c.t.m.t.TwitterToKafkaServiceApplication - Starting TwitterToKafkaServiceApplication using Java 11.0.11 on tales-PC with PID 29872 (/home/tales/workspaces/backend/microservices/baseproject/baseproject/twitter-to-kafka-service/target/classes started by tales in /home/tales/workspaces/backend/microservices/baseproject/baseproject/twitter-to-kafka-service)
2022-05-24 23:36:59 [main] INFO  c.t.m.t.TwitterToKafkaServiceApplication - No active profile set, falling back to 1 default profile: "default"
2022-05-24 23:36:59 [main] INFO  c.t.m.t.TwitterToKafkaServiceApplication - Started TwitterToKafkaServiceApplication in 0.648 seconds (JVM running for 1.399)
2022-05-24 23:36:59 [main] INFO  o.s.b.a.l.ConditionEvaluationReportLoggingListener - 

Error starting ApplicationContext. To display the conditions report re-run your application with 'debug' enabled.
2022-05-24 23:36:59 [main] ERROR o.s.boot.SpringApplication - Application run failed
java.lang.Error: Unresolved compilation problem: 
	The method getTwitterKeywords() is undefined for the type TwitterToKafkaServiceConfigData

	at com.talesb.microservices.twittertokafka.TwitterToKafkaServiceApplication.run(TwitterToKafkaServiceApplication.java:31)
	at org.springframework.boot.SpringApplication.callRunner(SpringApplication.java:771)
	at org.springframework.boot.SpringApplication.callRunners(SpringApplication.java:755)
	at org.springframework.boot.SpringApplication.run(SpringApplication.java:315)
	at org.springframework.boot.SpringApplication.run(SpringApplication.java:1306)
	at org.springframework.boot.SpringApplication.run(SpringApplication.java:1295)
	at com.talesb.microservices.twittertokafka.TwitterToKafkaServiceApplication.main(TwitterToKafkaServiceApplication.java:25)
2022-05-24 23:59:31 [main] INFO  c.t.m.t.TwitterToKafkaServiceApplication - Starting TwitterToKafkaServiceApplication using Java 11.0.11 on tales-PC with PID 3336 (/home/tales/workspaces/backend/microservices/baseproject/baseproject/twitter-to-kafka-service/target/classes started by tales in /home/tales/workspaces/backend/microservices/baseproject/baseproject/twitter-to-kafka-service)
2022-05-24 23:59:31 [main] INFO  c.t.m.t.TwitterToKafkaServiceApplication - No active profile set, falling back to 1 default profile: "default"
2022-05-24 23:59:31 [main] INFO  c.t.m.t.TwitterToKafkaServiceApplication - Started TwitterToKafkaServiceApplication in 0.98 seconds (JVM running for 1.785)
2022-05-24 23:59:31 [main] INFO  o.s.b.a.l.ConditionEvaluationReportLoggingListener - 

Error starting ApplicationContext. To display the conditions report re-run your application with 'debug' enabled.
2022-05-24 23:59:31 [main] ERROR o.s.boot.SpringApplication - Application run failed
java.lang.Error: Unresolved compilation problem: 
	The method getTwitterKeywords() is undefined for the type TwitterToKafkaServiceConfigData

	at com.talesb.microservices.twittertokafka.TwitterToKafkaServiceApplication.run(TwitterToKafkaServiceApplication.java:31)
	at org.springframework.boot.SpringApplication.callRunner(SpringApplication.java:771)
	at org.springframework.boot.SpringApplication.callRunners(SpringApplication.java:755)
	at org.springframework.boot.SpringApplication.run(SpringApplication.java:315)
	at org.springframework.boot.SpringApplication.run(SpringApplication.java:1306)
	at org.springframework.boot.SpringApplication.run(SpringApplication.java:1295)
	at com.talesb.microservices.twittertokafka.TwitterToKafkaServiceApplication.main(TwitterToKafkaServiceApplication.java:25)
