2022-05-27 00:11:53 [main] INFO  c.t.m.t.TwitterToKafkaServiceApplication - Starting TwitterToKafkaServiceApplication using Java 11.0.11 on tales-PC with PID 14641 (/home/tales/workspaces/backend/microservices/baseproject/baseproject/twitter-to-kafka-service/target/classes started by tales in /home/tales/workspaces/backend/microservices/baseproject/baseproject/twitter-to-kafka-service)
2022-05-27 00:11:53 [main] INFO  c.t.m.t.TwitterToKafkaServiceApplication - No active profile set, falling back to 1 default profile: "default"
2022-05-27 00:11:54 [main] INFO  c.t.m.t.TwitterToKafkaServiceApplication - Started TwitterToKafkaServiceApplication in 0.601 seconds (JVM running for 1.32)
2022-05-27 00:11:54 [main] INFO  c.t.m.t.TwitterToKafkaServiceApplication - App is starting..
2022-05-27 00:11:54 [main] INFO  c.t.m.t.TwitterToKafkaServiceApplication - [Java, Microservices, Spring, ElasticSearch]
2022-05-27 00:11:54 [main] INFO  c.t.m.t.TwitterToKafkaServiceApplication - Hello Microservices
2022-05-27 00:11:54 [Twitter Stream consumer /  [1][initializing]] INFO  twitter4j.TwitterStreamImpl - Establishing connection.
2022-05-27 00:11:54 [main] INFO  c.t.m.t.r.i.TwitterKafkaStreamRunner - Starting to add filter to strings : 
2022-05-27 00:11:54 [Twitter Stream consumer /  [1][Establishing connection]] INFO  twitter4j.TwitterStreamImpl - 403:The request is understood, but it has been refused. An accompanying error message will explain why. This code is used when requests are being denied due to update limits (https://support.twitter.com/articles/15364-about-twitter-limits-update-api-dm-and-following).
message - You currently have Essential access which includes access to Twitter API v2 endpoints only. If you need access to this endpoint, you’ll need to apply for Elevated access via the Developer Portal. You can learn more here: https://developer.twitter.com/en/docs/twitter-api/getting-started/about-twitter-api#v2-access-leve
code - 453

2022-05-27 00:11:54 [Twitter Stream consumer /  [1][Establishing connection]] WARN  twitter4j.TwitterStreamImpl - This account is not in required role. 403:The request is understood, but it has been refused. An accompanying error message will explain why. This code is used when requests are being denied due to update limits (https://support.twitter.com/articles/15364-about-twitter-limits-update-api-dm-and-following).
message - You currently have Essential access which includes access to Twitter API v2 endpoints only. If you need access to this endpoint, you’ll need to apply for Elevated access via the Developer Portal. You can learn more here: https://developer.twitter.com/en/docs/twitter-api/getting-started/about-twitter-api#v2-access-leve
code - 453

2022-05-27 00:11:54 [SpringApplicationShutdownHook] INFO  c.t.m.t.r.i.TwitterKafkaStreamRunner - Closing twitter streams
2022-05-27 00:12:19 [main] INFO  c.t.m.t.TwitterToKafkaServiceApplication - Starting TwitterToKafkaServiceApplication using Java 11.0.11 on tales-PC with PID 14733 (/home/tales/workspaces/backend/microservices/baseproject/baseproject/twitter-to-kafka-service/target/classes started by tales in /home/tales/workspaces/backend/microservices/baseproject/baseproject/twitter-to-kafka-service)
2022-05-27 00:12:19 [main] INFO  c.t.m.t.TwitterToKafkaServiceApplication - No active profile set, falling back to 1 default profile: "default"
2022-05-27 00:12:20 [main] INFO  c.t.m.t.TwitterToKafkaServiceApplication - Started TwitterToKafkaServiceApplication in 0.586 seconds (JVM running for 1.155)
2022-05-27 00:12:20 [main] INFO  c.t.m.t.TwitterToKafkaServiceApplication - App is starting..
2022-05-27 00:12:20 [main] INFO  c.t.m.t.TwitterToKafkaServiceApplication - [Java, Microservices, Spring, ElasticSearch]
2022-05-27 00:12:20 [main] INFO  c.t.m.t.TwitterToKafkaServiceApplication - Hello Microservices
2022-05-27 00:12:20 [main] INFO  c.t.m.t.r.impl.MockKafkaStreamRunner - Starting mock filtering twitter streams for keywords [Java, Microservices, Spring, ElasticSearch]
2022-05-27 00:12:20 [pool-1-thread-1] INFO  c.t.m.t.l.TwitterKafkaStatusListener - Twitter Status with text: 
2022-05-27 00:12:30 [pool-1-thread-1] INFO  c.t.m.t.l.TwitterKafkaStatusListener - Twitter Status with text: 
2022-05-27 00:12:40 [pool-1-thread-1] INFO  c.t.m.t.l.TwitterKafkaStatusListener - Twitter Status with text: 
2022-05-27 00:12:48 [RMI TCP Connection(8)-127.0.0.1] INFO  o.s.b.a.SpringApplicationAdminMXBeanRegistrar$SpringApplicationAdmin - Application shutdown requested.
2022-05-27 00:12:50 [pool-1-thread-1] INFO  c.t.m.t.l.TwitterKafkaStatusListener - Twitter Status with text: 
2022-05-27 00:15:20 [main] INFO  c.t.m.t.TwitterToKafkaServiceApplication - Starting TwitterToKafkaServiceApplication using Java 11.0.11 on tales-PC with PID 15042 (/home/tales/workspaces/backend/microservices/baseproject/baseproject/twitter-to-kafka-service/target/classes started by tales in /home/tales/workspaces/backend/microservices/baseproject/baseproject/twitter-to-kafka-service)
2022-05-27 00:15:20 [main] INFO  c.t.m.t.TwitterToKafkaServiceApplication - No active profile set, falling back to 1 default profile: "default"
2022-05-27 00:15:20 [main] INFO  c.t.m.t.TwitterToKafkaServiceApplication - Started TwitterToKafkaServiceApplication in 0.691 seconds (JVM running for 1.53)
2022-05-27 00:15:20 [main] INFO  c.t.m.t.TwitterToKafkaServiceApplication - App is starting..
2022-05-27 00:15:20 [main] INFO  c.t.m.t.TwitterToKafkaServiceApplication - [Java, Microservices, Spring, ElasticSearch]
2022-05-27 00:15:20 [main] INFO  c.t.m.t.TwitterToKafkaServiceApplication - Hello Microservices
2022-05-27 00:15:20 [main] INFO  c.t.m.t.r.impl.MockKafkaStreamRunner - Starting mock filtering twitter streams for keywords [Java, Microservices, Spring, ElasticSearch]
2022-05-27 00:16:49 [pool-1-thread-1] INFO  c.t.m.t.l.TwitterKafkaStatusListener - Twitter Status with text: 
2022-05-27 00:17:16 [pool-1-thread-1] INFO  c.t.m.t.l.TwitterKafkaStatusListener - Twitter Status with text: 
2022-05-27 00:17:34 [main] INFO  c.t.m.t.TwitterToKafkaServiceApplication - Starting TwitterToKafkaServiceApplication using Java 11.0.11 on tales-PC with PID 15439 (/home/tales/workspaces/backend/microservices/baseproject/baseproject/twitter-to-kafka-service/target/classes started by tales in /home/tales/workspaces/backend/microservices/baseproject/baseproject/twitter-to-kafka-service)
2022-05-27 00:17:34 [main] INFO  c.t.m.t.TwitterToKafkaServiceApplication - No active profile set, falling back to 1 default profile: "default"
2022-05-27 00:17:34 [main] INFO  c.t.m.t.TwitterToKafkaServiceApplication - Started TwitterToKafkaServiceApplication in 0.636 seconds (JVM running for 1.141)
2022-05-27 00:17:34 [main] INFO  c.t.m.t.TwitterToKafkaServiceApplication - App is starting..
2022-05-27 00:17:34 [main] INFO  c.t.m.t.TwitterToKafkaServiceApplication - [Java, Microservices, Spring, ElasticSearch]
2022-05-27 00:17:34 [main] INFO  c.t.m.t.TwitterToKafkaServiceApplication - Hello Microservices
2022-05-27 00:17:34 [main] INFO  c.t.m.t.r.impl.MockKafkaStreamRunner - Starting mock filtering twitter streams for keywords [Java, Microservices, Spring, ElasticSearch]
2022-05-27 00:17:34 [pool-1-thread-1] INFO  c.t.m.t.l.TwitterKafkaStatusListener - Twitter Status with text: sit magna dolor Microservices congue Maecenas
2022-05-27 00:17:44 [pool-1-thread-1] INFO  c.t.m.t.l.TwitterKafkaStatusListener - Twitter Status with text: libero ultricies Lorem Microservices sed purus
2022-05-27 00:17:51 [RMI TCP Connection(2)-127.0.0.1] INFO  o.s.b.a.SpringApplicationAdminMXBeanRegistrar$SpringApplicationAdmin - Application shutdown requested.
